TN:
SF:/Users/dirtymic/guardian/guardian-fuzz-framework/GuardianFuzzFramework/lib/forge-std/src/Base.sol
DA:9,33879
end_of_record
SF:/Users/dirtymic/guardian/guardian-fuzz-framework/GuardianFuzzFramework/lib/forge-std/src/StdAssertions.sol
DA:8,0
DA:38,0
DA:39,0
DA:40,0
DA:42,0
FN:38,failed
FNDA:0,failed
FN:46,fail
FNDA:0,fail
FN:51,assertTrue
FNDA:0,assertTrue
FN:55,assertTrue
FNDA:0,assertTrue
FN:59,assertFalse
FNDA:0,assertFalse
FN:63,assertFalse
FNDA:0,assertFalse
FN:67,assertEq
FNDA:0,assertEq
FN:71,assertEq
FNDA:0,assertEq
FN:75,assertEq
FNDA:0,assertEq
FN:79,assertEq
FNDA:0,assertEq
FN:83,assertEqDecimal
FNDA:0,assertEqDecimal
FN:87,assertEqDecimal
FNDA:0,assertEqDecimal
FN:91,assertEq
FNDA:0,assertEq
FN:95,assertEq
FNDA:0,assertEq
FN:99,assertEqDecimal
FNDA:0,assertEqDecimal
FN:103,assertEqDecimal
FNDA:0,assertEqDecimal
FN:107,assertEq
FNDA:0,assertEq
FN:111,assertEq
FNDA:0,assertEq
FN:115,assertEq
FNDA:0,assertEq
FN:119,assertEq
FNDA:0,assertEq
FN:123,assertEq32
FNDA:0,assertEq32
FN:127,assertEq32
FNDA:0,assertEq32
FN:131,assertEq
FNDA:0,assertEq
FN:135,assertEq
FNDA:0,assertEq
FN:139,assertEq
FNDA:0,assertEq
FN:143,assertEq
FNDA:0,assertEq
FN:147,assertEq
FNDA:0,assertEq
FN:151,assertEq
FNDA:0,assertEq
FN:155,assertEq
FNDA:0,assertEq
FN:159,assertEq
FNDA:0,assertEq
FN:163,assertEq
FNDA:0,assertEq
FN:167,assertEq
FNDA:0,assertEq
FN:171,assertEq
FNDA:0,assertEq
FN:175,assertEq
FNDA:0,assertEq
FN:179,assertEq
FNDA:0,assertEq
FN:183,assertEq
FNDA:0,assertEq
FN:187,assertEq
FNDA:0,assertEq
FN:191,assertEq
FNDA:0,assertEq
FN:195,assertEq
FNDA:0,assertEq
FN:199,assertEq
FNDA:0,assertEq
FN:204,assertEqUint
FNDA:0,assertEqUint
FN:208,assertNotEq
FNDA:0,assertNotEq
FN:212,assertNotEq
FNDA:0,assertNotEq
FN:216,assertNotEq
FNDA:0,assertNotEq
FN:220,assertNotEq
FNDA:0,assertNotEq
FN:224,assertNotEqDecimal
FNDA:0,assertNotEqDecimal
FN:228,assertNotEqDecimal
FNDA:0,assertNotEqDecimal
FN:236,assertNotEq
FNDA:0,assertNotEq
FN:240,assertNotEq
FNDA:0,assertNotEq
FN:244,assertNotEqDecimal
FNDA:0,assertNotEqDecimal
FN:248,assertNotEqDecimal
FNDA:0,assertNotEqDecimal
FN:252,assertNotEq
FNDA:0,assertNotEq
FN:256,assertNotEq
FNDA:0,assertNotEq
FN:260,assertNotEq
FNDA:0,assertNotEq
FN:264,assertNotEq
FNDA:0,assertNotEq
FN:268,assertNotEq32
FNDA:0,assertNotEq32
FN:272,assertNotEq32
FNDA:0,assertNotEq32
FN:276,assertNotEq
FNDA:0,assertNotEq
FN:280,assertNotEq
FNDA:0,assertNotEq
FN:284,assertNotEq
FNDA:0,assertNotEq
FN:288,assertNotEq
FNDA:0,assertNotEq
FN:292,assertNotEq
FNDA:0,assertNotEq
FN:296,assertNotEq
FNDA:0,assertNotEq
FN:300,assertNotEq
FNDA:0,assertNotEq
FN:304,assertNotEq
FNDA:0,assertNotEq
FN:308,assertNotEq
FNDA:0,assertNotEq
FN:312,assertNotEq
FNDA:0,assertNotEq
FN:316,assertNotEq
FNDA:0,assertNotEq
FN:320,assertNotEq
FNDA:0,assertNotEq
FN:324,assertNotEq
FNDA:0,assertNotEq
FN:328,assertNotEq
FNDA:0,assertNotEq
FN:332,assertNotEq
FNDA:0,assertNotEq
FN:336,assertNotEq
FNDA:0,assertNotEq
FN:340,assertNotEq
FNDA:0,assertNotEq
FN:344,assertNotEq
FNDA:0,assertNotEq
FN:348,assertLt
FNDA:0,assertLt
FN:352,assertLt
FNDA:0,assertLt
FN:356,assertLtDecimal
FNDA:0,assertLtDecimal
FN:360,assertLtDecimal
FNDA:0,assertLtDecimal
FN:364,assertLt
FNDA:0,assertLt
FN:368,assertLt
FNDA:0,assertLt
FN:372,assertLtDecimal
FNDA:0,assertLtDecimal
FN:376,assertLtDecimal
FNDA:0,assertLtDecimal
FN:380,assertGt
FNDA:0,assertGt
FN:384,assertGt
FNDA:0,assertGt
FN:388,assertGtDecimal
FNDA:0,assertGtDecimal
FN:392,assertGtDecimal
FNDA:0,assertGtDecimal
FN:396,assertGt
FNDA:0,assertGt
FN:400,assertGt
FNDA:0,assertGt
FN:404,assertGtDecimal
FNDA:0,assertGtDecimal
FN:408,assertGtDecimal
FNDA:0,assertGtDecimal
FN:412,assertLe
FNDA:0,assertLe
FN:416,assertLe
FNDA:0,assertLe
FN:420,assertLeDecimal
FNDA:0,assertLeDecimal
FN:424,assertLeDecimal
FNDA:0,assertLeDecimal
FN:428,assertLe
FNDA:0,assertLe
FN:432,assertLe
FNDA:0,assertLe
FN:436,assertLeDecimal
FNDA:0,assertLeDecimal
FN:440,assertLeDecimal
FNDA:0,assertLeDecimal
FN:444,assertGe
FNDA:0,assertGe
FN:448,assertGe
FNDA:0,assertGe
FN:452,assertGeDecimal
FNDA:0,assertGeDecimal
FN:456,assertGeDecimal
FNDA:0,assertGeDecimal
FN:460,assertGe
FNDA:0,assertGe
FN:464,assertGe
FNDA:0,assertGe
FN:468,assertGeDecimal
FNDA:0,assertGeDecimal
FN:472,assertGeDecimal
FNDA:0,assertGeDecimal
FN:476,assertApproxEqAbs
FNDA:0,assertApproxEqAbs
FN:480,assertApproxEqAbs
FNDA:0,assertApproxEqAbs
FN:488,assertApproxEqAbsDecimal
FNDA:0,assertApproxEqAbsDecimal
FN:496,assertApproxEqAbsDecimal
FNDA:0,assertApproxEqAbsDecimal
FN:506,assertApproxEqAbs
FNDA:0,assertApproxEqAbs
FN:510,assertApproxEqAbs
FNDA:0,assertApproxEqAbs
FN:514,assertApproxEqAbsDecimal
FNDA:0,assertApproxEqAbsDecimal
FN:522,assertApproxEqAbsDecimal
FNDA:0,assertApproxEqAbsDecimal
FN:530,assertApproxEqRel
FNDA:0,assertApproxEqRel
FN:538,assertApproxEqRel
FNDA:0,assertApproxEqRel
FN:547,assertApproxEqRelDecimal
FNDA:0,assertApproxEqRelDecimal
FN:556,assertApproxEqRelDecimal
FNDA:0,assertApproxEqRelDecimal
FN:566,assertApproxEqRel
FNDA:0,assertApproxEqRel
FN:570,assertApproxEqRel
FNDA:0,assertApproxEqRel
FN:579,assertApproxEqRelDecimal
FNDA:0,assertApproxEqRelDecimal
FN:588,assertApproxEqRelDecimal
FNDA:0,assertApproxEqRelDecimal
FN:599,checkEq0
FNDA:0,checkEq0
FN:603,assertEq0
FNDA:0,assertEq0
FN:607,assertEq0
FNDA:0,assertEq0
FN:611,assertNotEq0
FNDA:0,assertNotEq0
FN:615,assertNotEq0
FNDA:0,assertNotEq0
FN:619,assertEqCall
FNDA:0,assertEqCall
FN:623,assertEqCall
FNDA:0,assertEqCall
FN:630,assertEqCall
FNDA:0,assertEqCall
FN:637,assertEqCall
FNDA:0,assertEqCall
end_of_record
SF:/Users/dirtymic/guardian/guardian-fuzz-framework/GuardianFuzzFramework/lib/forge-std/src/StdChains.sol
DA:66,1
FN:69,getChain
FNDA:0,getChain
FN:82,getChain
FNDA:0,getChain
FN:98,setChain
FNDA:0,setChain
FN:131,setChain
FNDA:0,setChain
FN:135,_toUpper
FNDA:0,_toUpper
FN:151,getChainWithUpdatedRpcUrl
FNDA:0,getChainWithUpdatedRpcUrl
FN:188,setFallbackToDefaultRpcUrls
FNDA:0,setFallbackToDefaultRpcUrls
FN:192,initializeStdChains
FNDA:0,initializeStdChains
FN:252,setChainWithDefaultRpcUrl
FNDA:0,setChainWithDefaultRpcUrl
end_of_record
SF:/Users/dirtymic/guardian/guardian-fuzz-framework/GuardianFuzzFramework/lib/forge-std/src/StdCheats.sol
FN:209,assumeNotBlacklisted
FNDA:0,assumeNotBlacklisted
FN:233,assumeNoBlacklisted
FNDA:0,assumeNoBlacklisted
FN:237,assumeAddressIsNot
FNDA:0,assumeAddressIsNot
FN:251,assumeAddressIsNot
FNDA:0,assumeAddressIsNot
FN:256,assumeAddressIsNot
FNDA:0,assumeAddressIsNot
FN:267,assumeAddressIsNot
FNDA:0,assumeAddressIsNot
FN:284,_isPayable
FNDA:0,_isPayable
FN:305,assumePayable
FNDA:0,assumePayable
FN:309,assumeNotPayable
FNDA:0,assumeNotPayable
FN:313,assumeNotZeroAddress
FNDA:0,assumeNotZeroAddress
FN:317,assumeNotPrecompile
FNDA:0,assumeNotPrecompile
FN:321,assumeNotPrecompile
FNDA:0,assumeNotPrecompile
FN:344,assumeNotForgeAddress
FNDA:0,assumeNotForgeAddress
FN:352,readEIP1559ScriptArtifact
FNDA:0,readEIP1559ScriptArtifact
FN:372,rawToConvertedEIPTx1559s
FNDA:0,rawToConvertedEIPTx1559s
FN:380,rawToConvertedEIPTx1559
FNDA:0,rawToConvertedEIPTx1559
FN:391,rawToConvertedEIP1559Detail
FNDA:0,rawToConvertedEIP1559Detail
FN:409,readTx1559s
FNDA:0,readTx1559s
FN:416,readTx1559
FNDA:0,readTx1559
FN:425,readReceipts
FNDA:0,readReceipts
FN:432,readReceipt
FNDA:0,readReceipt
FN:440,rawToConvertedReceipts
FNDA:0,rawToConvertedReceipts
FN:448,rawToConvertedReceipt
FNDA:0,rawToConvertedReceipt
FN:466,rawToConvertedReceiptLogs
FNDA:0,rawToConvertedReceiptLogs
FN:490,deployCode
FNDA:0,deployCode
FN:500,deployCode
FNDA:0,deployCode
FN:511,deployCode
FNDA:0,deployCode
FN:521,deployCode
FNDA:0,deployCode
FN:532,makeAddrAndKey
FNDA:0,makeAddrAndKey
FN:539,makeAddr
FNDA:0,makeAddr
FN:547,destroyAccount
FNDA:0,destroyAccount
FN:558,makeAccount
FNDA:0,makeAccount
FN:562,deriveRememberKey
FNDA:0,deriveRememberKey
FN:571,_bytesToUint
FNDA:0,_bytesToUint
FN:576,isFork
FNDA:0,isFork
FN:619,_viewChainId
FNDA:0,_viewChainId
FN:628,_pureChainId
FNDA:0,_pureChainId
FN:647,skip
FNDA:0,skip
FN:651,rewind
FNDA:0,rewind
FN:656,hoax
FNDA:0,hoax
FN:661,hoax
FNDA:0,hoax
FN:666,hoax
FNDA:0,hoax
FN:671,hoax
FNDA:0,hoax
FN:677,startHoax
FNDA:0,startHoax
FN:682,startHoax
FNDA:0,startHoax
FN:689,startHoax
FNDA:0,startHoax
FN:694,startHoax
FNDA:0,startHoax
FN:699,changePrank
FNDA:0,changePrank
FN:705,changePrank
FNDA:0,changePrank
FN:712,deal
FNDA:0,deal
FN:718,deal
FNDA:0,deal
FN:724,dealERC1155
FNDA:0,dealERC1155
FN:728,deal
FNDA:0,deal
FN:749,dealERC1155
FNDA:0,dealERC1155
FN:774,dealERC721
FNDA:0,dealERC721
FN:796,deployCodeTo
FNDA:0,deployCodeTo
FN:800,deployCodeTo
FNDA:0,deployCodeTo
FN:804,deployCodeTo
FNDA:0,deployCodeTo
FN:813,console2_log_StdCheats
FNDA:0,console2_log_StdCheats
end_of_record
SF:/Users/dirtymic/guardian/guardian-fuzz-framework/GuardianFuzzFramework/lib/forge-std/src/StdError.sol
DA:5,0
DA:6,0
DA:7,0
DA:8,0
DA:9,0
DA:10,0
DA:11,0
DA:12,0
DA:13,0
DA:14,0
end_of_record
SF:/Users/dirtymic/guardian/guardian-fuzz-framework/GuardianFuzzFramework/lib/forge-std/src/StdInvariant.sol
DA:83,0
DA:84,0
DA:87,0
DA:88,0
DA:91,0
DA:92,0
DA:95,0
DA:96,0
DA:99,0
DA:100,0
DA:103,0
DA:104,0
DA:107,0
DA:108,0
DA:111,0
DA:112,0
DA:115,0
DA:116,0
DA:119,0
DA:120,0
FN:40,excludeContract
FNDA:0,excludeContract
FN:44,excludeSelector
FNDA:0,excludeSelector
FN:48,excludeSender
FNDA:0,excludeSender
FN:52,excludeArtifact
FNDA:0,excludeArtifact
FN:56,targetArtifact
FNDA:0,targetArtifact
FN:60,targetArtifactSelector
FNDA:0,targetArtifactSelector
FN:64,targetContract
FNDA:0,targetContract
FN:68,targetSelector
FNDA:0,targetSelector
FN:72,targetSender
FNDA:0,targetSender
FN:76,targetInterface
FNDA:0,targetInterface
FN:83,excludeArtifacts
FNDA:0,excludeArtifacts
FN:87,excludeContracts
FNDA:0,excludeContracts
FN:91,excludeSelectors
FNDA:0,excludeSelectors
FN:95,excludeSenders
FNDA:0,excludeSenders
FN:99,targetArtifacts
FNDA:0,targetArtifacts
FN:103,targetArtifactSelectors
FNDA:0,targetArtifactSelectors
FN:107,targetContracts
FNDA:0,targetContracts
FN:111,targetSelectors
FNDA:0,targetSelectors
FN:115,targetSenders
FNDA:0,targetSenders
FN:119,targetInterfaces
FNDA:0,targetInterfaces
end_of_record
SF:/Users/dirtymic/guardian/guardian-fuzz-framework/GuardianFuzzFramework/lib/forge-std/src/StdJson.sol
DA:25,0
FN:28,parseRaw
FNDA:0,parseRaw
FN:32,readUint
FNDA:0,readUint
FN:36,readUintArray
FNDA:0,readUintArray
FN:40,readInt
FNDA:0,readInt
FN:44,readIntArray
FNDA:0,readIntArray
FN:48,readBytes32
FNDA:0,readBytes32
FN:52,readBytes32Array
FNDA:0,readBytes32Array
FN:56,readString
FNDA:0,readString
FN:60,readStringArray
FNDA:0,readStringArray
FN:64,readAddress
FNDA:0,readAddress
FN:68,readAddressArray
FNDA:0,readAddressArray
FN:72,readBool
FNDA:0,readBool
FN:76,readBoolArray
FNDA:0,readBoolArray
FN:80,readBytes
FNDA:0,readBytes
FN:84,readBytesArray
FNDA:0,readBytesArray
FN:88,serialize
FNDA:0,serialize
FN:92,serialize
FNDA:0,serialize
FN:96,serialize
FNDA:0,serialize
FN:103,serialize
FNDA:0,serialize
FN:107,serialize
FNDA:0,serialize
FN:114,serialize
FNDA:0,serialize
FN:118,serialize
FNDA:0,serialize
FN:125,serialize
FNDA:0,serialize
FN:129,serialize
FNDA:0,serialize
FN:136,serialize
FNDA:0,serialize
FN:140,serialize
FNDA:0,serialize
FN:147,serialize
FNDA:0,serialize
FN:151,serialize
FNDA:0,serialize
FN:158,serialize
FNDA:0,serialize
FN:165,serialize
FNDA:0,serialize
FN:172,write
FNDA:0,write
FN:176,write
FNDA:0,write
end_of_record
SF:/Users/dirtymic/guardian/guardian-fuzz-framework/GuardianFuzzFramework/lib/forge-std/src/StdMath.sol
DA:4,0
FN:7,abs
FNDA:0,abs
FN:16,delta
FNDA:0,delta
FN:20,delta
FNDA:0,delta
FN:31,percentDelta
FNDA:0,percentDelta
FN:37,percentDelta
FNDA:0,percentDelta
end_of_record
SF:/Users/dirtymic/guardian/guardian-fuzz-framework/GuardianFuzzFramework/lib/forge-std/src/StdStorage.sol
DA:24,0
DA:334,0
FN:31,sigs
FNDA:0,sigs
FN:35,getCallParams
FNDA:0,getCallParams
FN:44,callTarget
FNDA:0,callTarget
FN:55,checkSlotMutatesCall
FNDA:0,checkSlotMutatesCall
FN:71,findOffset
FNDA:0,findOffset
FN:85,findOffsets
FNDA:0,findOffsets
FN:96,find
FNDA:0,find
FN:106,find
FNDA:0,find
FN:171,target
FNDA:0,target
FN:176,sig
FNDA:0,sig
FN:181,sig
FNDA:0,sig
FN:186,with_calldata
FNDA:0,with_calldata
FN:191,with_key
FNDA:0,with_key
FN:196,with_key
FNDA:0,with_key
FN:201,with_key
FNDA:0,with_key
FN:206,enable_packed_slots
FNDA:0,enable_packed_slots
FN:211,depth
FNDA:0,depth
FN:216,read
FNDA:0,read
FN:224,read_bytes32
FNDA:0,read_bytes32
FN:228,read_bool
FNDA:0,read_bool
FN:235,read_address
FNDA:0,read_address
FN:239,read_uint
FNDA:0,read_uint
FN:243,read_int
FNDA:0,read_int
FN:247,parent
FNDA:0,parent
FN:261,root
FNDA:0,root
FN:282,bytesToBytes32
FNDA:0,bytesToBytes32
FN:292,flatten
FNDA:0,flatten
FN:305,clear
FNDA:0,clear
FN:316,getMaskByOffsets
FNDA:0,getMaskByOffsets
FN:325,getUpdatedSlotValue
FNDA:0,getUpdatedSlotValue
FN:337,sigs
FNDA:0,sigs
FN:341,find
FNDA:0,find
FN:345,find
FNDA:0,find
FN:349,target
FNDA:0,target
FN:353,sig
FNDA:0,sig
FN:357,sig
FNDA:0,sig
FN:361,with_key
FNDA:0,with_key
FN:365,with_key
FNDA:0,with_key
FN:369,with_key
FNDA:0,with_key
FN:373,with_calldata
FNDA:0,with_calldata
FN:377,enable_packed_slots
FNDA:0,enable_packed_slots
FN:381,depth
FNDA:0,depth
FN:385,clear
FNDA:0,clear
FN:389,checked_write
FNDA:0,checked_write
FN:393,checked_write
FNDA:0,checked_write
FN:397,checked_write_int
FNDA:0,checked_write_int
FN:401,checked_write
FNDA:0,checked_write
FN:410,checked_write
FNDA:0,checked_write
FN:446,read_bytes32
FNDA:0,read_bytes32
FN:450,read_bool
FNDA:0,read_bool
FN:454,read_address
FNDA:0,read_address
FN:458,read_uint
FNDA:0,read_uint
FN:462,read_int
FNDA:0,read_int
FN:466,parent
FNDA:0,parent
FN:470,root
FNDA:0,root
end_of_record
SF:/Users/dirtymic/guardian/guardian-fuzz-framework/GuardianFuzzFramework/lib/forge-std/src/StdStyle.sol
DA:6,0
FN:22,styleConcat
FNDA:0,styleConcat
FN:26,red
FNDA:0,red
FN:30,red
FNDA:0,red
FN:34,red
FNDA:0,red
FN:38,red
FNDA:0,red
FN:42,red
FNDA:0,red
FN:46,redBytes
FNDA:0,redBytes
FN:50,redBytes32
FNDA:0,redBytes32
FN:54,green
FNDA:0,green
FN:58,green
FNDA:0,green
FN:62,green
FNDA:0,green
FN:66,green
FNDA:0,green
FN:70,green
FNDA:0,green
FN:74,greenBytes
FNDA:0,greenBytes
FN:78,greenBytes32
FNDA:0,greenBytes32
FN:82,yellow
FNDA:0,yellow
FN:86,yellow
FNDA:0,yellow
FN:90,yellow
FNDA:0,yellow
FN:94,yellow
FNDA:0,yellow
FN:98,yellow
FNDA:0,yellow
FN:102,yellowBytes
FNDA:0,yellowBytes
FN:106,yellowBytes32
FNDA:0,yellowBytes32
FN:110,blue
FNDA:0,blue
FN:114,blue
FNDA:0,blue
FN:118,blue
FNDA:0,blue
FN:122,blue
FNDA:0,blue
FN:126,blue
FNDA:0,blue
FN:130,blueBytes
FNDA:0,blueBytes
FN:134,blueBytes32
FNDA:0,blueBytes32
FN:138,magenta
FNDA:0,magenta
FN:142,magenta
FNDA:0,magenta
FN:146,magenta
FNDA:0,magenta
FN:150,magenta
FNDA:0,magenta
FN:154,magenta
FNDA:0,magenta
FN:158,magentaBytes
FNDA:0,magentaBytes
FN:162,magentaBytes32
FNDA:0,magentaBytes32
FN:166,cyan
FNDA:0,cyan
FN:170,cyan
FNDA:0,cyan
FN:174,cyan
FNDA:0,cyan
FN:178,cyan
FNDA:0,cyan
FN:182,cyan
FNDA:0,cyan
FN:186,cyanBytes
FNDA:0,cyanBytes
FN:190,cyanBytes32
FNDA:0,cyanBytes32
FN:194,bold
FNDA:0,bold
FN:198,bold
FNDA:0,bold
FN:202,bold
FNDA:0,bold
FN:206,bold
FNDA:0,bold
FN:210,bold
FNDA:0,bold
FN:214,boldBytes
FNDA:0,boldBytes
FN:218,boldBytes32
FNDA:0,boldBytes32
FN:222,dim
FNDA:0,dim
FN:226,dim
FNDA:0,dim
FN:230,dim
FNDA:0,dim
FN:234,dim
FNDA:0,dim
FN:238,dim
FNDA:0,dim
FN:242,dimBytes
FNDA:0,dimBytes
FN:246,dimBytes32
FNDA:0,dimBytes32
FN:250,italic
FNDA:0,italic
FN:254,italic
FNDA:0,italic
FN:258,italic
FNDA:0,italic
FN:262,italic
FNDA:0,italic
FN:266,italic
FNDA:0,italic
FN:270,italicBytes
FNDA:0,italicBytes
FN:274,italicBytes32
FNDA:0,italicBytes32
FN:278,underline
FNDA:0,underline
FN:282,underline
FNDA:0,underline
FN:286,underline
FNDA:0,underline
FN:290,underline
FNDA:0,underline
FN:294,underline
FNDA:0,underline
FN:298,underlineBytes
FNDA:0,underlineBytes
FN:302,underlineBytes32
FNDA:0,underlineBytes32
FN:306,inverse
FNDA:0,inverse
FN:310,inverse
FNDA:0,inverse
FN:314,inverse
FNDA:0,inverse
FN:318,inverse
FNDA:0,inverse
FN:322,inverse
FNDA:0,inverse
FN:326,inverseBytes
FNDA:0,inverseBytes
FN:330,inverseBytes32
FNDA:0,inverseBytes32
end_of_record
SF:/Users/dirtymic/guardian/guardian-fuzz-framework/GuardianFuzzFramework/lib/forge-std/src/StdToml.sol
DA:25,0
FN:28,parseRaw
FNDA:0,parseRaw
FN:32,readUint
FNDA:0,readUint
FN:36,readUintArray
FNDA:0,readUintArray
FN:40,readInt
FNDA:0,readInt
FN:44,readIntArray
FNDA:0,readIntArray
FN:48,readBytes32
FNDA:0,readBytes32
FN:52,readBytes32Array
FNDA:0,readBytes32Array
FN:56,readString
FNDA:0,readString
FN:60,readStringArray
FNDA:0,readStringArray
FN:64,readAddress
FNDA:0,readAddress
FN:68,readAddressArray
FNDA:0,readAddressArray
FN:72,readBool
FNDA:0,readBool
FN:76,readBoolArray
FNDA:0,readBoolArray
FN:80,readBytes
FNDA:0,readBytes
FN:84,readBytesArray
FNDA:0,readBytesArray
FN:88,serialize
FNDA:0,serialize
FN:92,serialize
FNDA:0,serialize
FN:96,serialize
FNDA:0,serialize
FN:103,serialize
FNDA:0,serialize
FN:107,serialize
FNDA:0,serialize
FN:114,serialize
FNDA:0,serialize
FN:118,serialize
FNDA:0,serialize
FN:125,serialize
FNDA:0,serialize
FN:129,serialize
FNDA:0,serialize
FN:136,serialize
FNDA:0,serialize
FN:140,serialize
FNDA:0,serialize
FN:147,serialize
FNDA:0,serialize
FN:151,serialize
FNDA:0,serialize
FN:158,serialize
FNDA:0,serialize
FN:165,serialize
FNDA:0,serialize
FN:172,write
FNDA:0,write
FN:176,write
FNDA:0,write
end_of_record
SF:/Users/dirtymic/guardian/guardian-fuzz-framework/GuardianFuzzFramework/lib/forge-std/src/StdUtils.sol
FN:33,_bound
FNDA:0,_bound
FN:60,bound
FNDA:0,bound
FN:65,_bound
FNDA:0,_bound
FN:85,bound
FNDA:0,bound
FN:90,boundPrivateKey
FNDA:0,boundPrivateKey
FN:94,bytesToUint
FNDA:0,bytesToUint
FN:101,computeCreateAddress
FNDA:0,computeCreateAddress
FN:106,computeCreate2Address
FNDA:0,computeCreate2Address
FN:117,computeCreate2Address
FNDA:0,computeCreate2Address
FN:123,deployMockERC20
FNDA:0,deployMockERC20
FN:132,deployMockERC721
FNDA:0,deployMockERC721
FN:139,hashInitCode
FNDA:0,hashInitCode
FN:146,hashInitCode
FNDA:0,hashInitCode
FN:151,getTokenBalances
FNDA:0,getTokenBalances
FN:184,addressFromLast20Bytes
FNDA:0,addressFromLast20Bytes
FN:191,_castLogPayloadViewToPure
FNDA:0,_castLogPayloadViewToPure
FN:201,_sendLogPayload
FNDA:0,_sendLogPayload
FN:205,_sendLogPayloadView
FNDA:0,_sendLogPayloadView
FN:215,console2_log_StdUtils
FNDA:0,console2_log_StdUtils
FN:219,console2_log_StdUtils
FNDA:0,console2_log_StdUtils
FN:223,console2_log_StdUtils
FNDA:0,console2_log_StdUtils
end_of_record
SF:/Users/dirtymic/guardian/guardian-fuzz-framework/GuardianFuzzFramework/lib/forge-std/src/Test.sol
DA:32,1
end_of_record
SF:/Users/dirtymic/guardian/guardian-fuzz-framework/GuardianFuzzFramework/lib/forge-std/src/Vm.sol
end_of_record
SF:/Users/dirtymic/guardian/guardian-fuzz-framework/GuardianFuzzFramework/lib/forge-std/src/console.sol
DA:4,0
DA:5,552725
DA:9,552725
DA:11,552725
DA:16,552725
DA:20,552725
DA:21,552725
DA:24,552725
DA:25,552725
DA:222,202950
DA:230,101475
DA:338,248300
FN:7,_castLogPayloadViewToPure
FNDA:1,_castLogPayloadViewToPure
FN:15,_sendLogPayload
FNDA:1,_sendLogPayload
FN:19,_sendLogPayloadView
FNDA:1,_sendLogPayloadView
FN:29,log
FNDA:0,log
FN:33,logInt
FNDA:0,logInt
FN:37,logUint
FNDA:0,logUint
FN:41,logString
FNDA:0,logString
FN:45,logBool
FNDA:0,logBool
FN:49,logAddress
FNDA:0,logAddress
FN:53,logBytes
FNDA:0,logBytes
FN:57,logBytes1
FNDA:0,logBytes1
FN:61,logBytes2
FNDA:0,logBytes2
FN:65,logBytes3
FNDA:0,logBytes3
FN:69,logBytes4
FNDA:0,logBytes4
FN:73,logBytes5
FNDA:0,logBytes5
FN:77,logBytes6
FNDA:0,logBytes6
FN:81,logBytes7
FNDA:0,logBytes7
FN:85,logBytes8
FNDA:0,logBytes8
FN:89,logBytes9
FNDA:0,logBytes9
FN:93,logBytes10
FNDA:0,logBytes10
FN:97,logBytes11
FNDA:0,logBytes11
FN:101,logBytes12
FNDA:0,logBytes12
FN:105,logBytes13
FNDA:0,logBytes13
FN:109,logBytes14
FNDA:0,logBytes14
FN:113,logBytes15
FNDA:0,logBytes15
FN:117,logBytes16
FNDA:0,logBytes16
FN:121,logBytes17
FNDA:0,logBytes17
FN:125,logBytes18
FNDA:0,logBytes18
FN:129,logBytes19
FNDA:0,logBytes19
FN:133,logBytes20
FNDA:0,logBytes20
FN:137,logBytes21
FNDA:0,logBytes21
FN:141,logBytes22
FNDA:0,logBytes22
FN:145,logBytes23
FNDA:0,logBytes23
FN:149,logBytes24
FNDA:0,logBytes24
FN:153,logBytes25
FNDA:0,logBytes25
FN:157,logBytes26
FNDA:0,logBytes26
FN:161,logBytes27
FNDA:0,logBytes27
FN:165,logBytes28
FNDA:0,logBytes28
FN:169,logBytes29
FNDA:0,logBytes29
FN:173,logBytes30
FNDA:0,logBytes30
FN:177,logBytes31
FNDA:0,logBytes31
FN:181,logBytes32
FNDA:0,logBytes32
FN:185,log
FNDA:0,log
FN:189,log
FNDA:0,log
FN:193,log
FNDA:0,log
FN:197,log
FNDA:0,log
FN:201,log
FNDA:0,log
FN:205,log
FNDA:0,log
FN:209,log
FNDA:0,log
FN:213,log
FNDA:0,log
FN:217,log
FNDA:0,log
FN:221,log
FNDA:1,log
FN:225,log
FNDA:0,log
FN:229,log
FNDA:1,log
FN:233,log
FNDA:0,log
FN:237,log
FNDA:0,log
FN:241,log
FNDA:0,log
FN:245,log
FNDA:0,log
FN:249,log
FNDA:0,log
FN:253,log
FNDA:0,log
FN:257,log
FNDA:0,log
FN:261,log
FNDA:0,log
FN:265,log
FNDA:0,log
FN:269,log
FNDA:0,log
FN:273,log
FNDA:0,log
FN:277,log
FNDA:0,log
FN:281,log
FNDA:0,log
FN:285,log
FNDA:0,log
FN:289,log
FNDA:0,log
FN:293,log
FNDA:0,log
FN:297,log
FNDA:0,log
FN:301,log
FNDA:0,log
FN:305,log
FNDA:0,log
FN:309,log
FNDA:0,log
FN:313,log
FNDA:0,log
FN:317,log
FNDA:0,log
FN:321,log
FNDA:0,log
FN:325,log
FNDA:0,log
FN:329,log
FNDA:0,log
FN:333,log
FNDA:0,log
FN:337,log
FNDA:1,log
FN:341,log
FNDA:0,log
FN:345,log
FNDA:0,log
FN:349,log
FNDA:0,log
FN:353,log
FNDA:0,log
FN:357,log
FNDA:0,log
FN:361,log
FNDA:0,log
FN:365,log
FNDA:0,log
FN:369,log
FNDA:0,log
FN:373,log
FNDA:0,log
FN:377,log
FNDA:0,log
FN:381,log
FNDA:0,log
FN:385,log
FNDA:0,log
FN:389,log
FNDA:0,log
FN:393,log
FNDA:0,log
FN:397,log
FNDA:0,log
FN:401,log
FNDA:0,log
FN:405,log
FNDA:0,log
FN:409,log
FNDA:0,log
FN:413,log
FNDA:0,log
FN:417,log
FNDA:0,log
FN:421,log
FNDA:0,log
FN:425,log
FNDA:0,log
FN:429,log
FNDA:0,log
FN:433,log
FNDA:0,log
FN:437,log
FNDA:0,log
FN:441,log
FNDA:0,log
FN:445,log
FNDA:0,log
FN:449,log
FNDA:0,log
FN:453,log
FNDA:0,log
FN:457,log
FNDA:0,log
FN:461,log
FNDA:0,log
FN:465,log
FNDA:0,log
FN:469,log
FNDA:0,log
FN:473,log
FNDA:0,log
FN:477,log
FNDA:0,log
FN:481,log
FNDA:0,log
FN:485,log
FNDA:0,log
FN:489,log
FNDA:0,log
FN:493,log
FNDA:0,log
FN:497,log
FNDA:0,log
FN:501,log
FNDA:0,log
FN:505,log
FNDA:0,log
FN:509,log
FNDA:0,log
FN:513,log
FNDA:0,log
FN:517,log
FNDA:0,log
FN:521,log
FNDA:0,log
FN:525,log
FNDA:0,log
FN:529,log
FNDA:0,log
FN:533,log
FNDA:0,log
FN:537,log
FNDA:0,log
FN:541,log
FNDA:0,log
FN:545,log
FNDA:0,log
FN:549,log
FNDA:0,log
FN:553,log
FNDA:0,log
FN:557,log
FNDA:0,log
FN:561,log
FNDA:0,log
FN:565,log
FNDA:0,log
FN:569,log
FNDA:0,log
FN:573,log
FNDA:0,log
FN:577,log
FNDA:0,log
FN:581,log
FNDA:0,log
FN:585,log
FNDA:0,log
FN:589,log
FNDA:0,log
FN:593,log
FNDA:0,log
FN:597,log
FNDA:0,log
FN:601,log
FNDA:0,log
FN:605,log
FNDA:0,log
FN:609,log
FNDA:0,log
FN:613,log
FNDA:0,log
FN:617,log
FNDA:0,log
FN:621,log
FNDA:0,log
FN:625,log
FNDA:0,log
FN:629,log
FNDA:0,log
FN:633,log
FNDA:0,log
FN:637,log
FNDA:0,log
FN:641,log
FNDA:0,log
FN:645,log
FNDA:0,log
FN:649,log
FNDA:0,log
FN:653,log
FNDA:0,log
FN:657,log
FNDA:0,log
FN:661,log
FNDA:0,log
FN:665,log
FNDA:0,log
FN:669,log
FNDA:0,log
FN:673,log
FNDA:0,log
FN:677,log
FNDA:0,log
FN:681,log
FNDA:0,log
FN:685,log
FNDA:0,log
FN:689,log
FNDA:0,log
FN:693,log
FNDA:0,log
FN:697,log
FNDA:0,log
FN:701,log
FNDA:0,log
FN:705,log
FNDA:0,log
FN:709,log
FNDA:0,log
FN:713,log
FNDA:0,log
FN:717,log
FNDA:0,log
FN:721,log
FNDA:0,log
FN:725,log
FNDA:0,log
FN:729,log
FNDA:0,log
FN:733,log
FNDA:0,log
FN:737,log
FNDA:0,log
FN:741,log
FNDA:0,log
FN:745,log
FNDA:0,log
FN:749,log
FNDA:0,log
FN:753,log
FNDA:0,log
FN:757,log
FNDA:0,log
FN:761,log
FNDA:0,log
FN:765,log
FNDA:0,log
FN:769,log
FNDA:0,log
FN:773,log
FNDA:0,log
FN:777,log
FNDA:0,log
FN:781,log
FNDA:0,log
FN:785,log
FNDA:0,log
FN:789,log
FNDA:0,log
FN:793,log
FNDA:0,log
FN:797,log
FNDA:0,log
FN:801,log
FNDA:0,log
FN:805,log
FNDA:0,log
FN:809,log
FNDA:0,log
FN:813,log
FNDA:0,log
FN:817,log
FNDA:0,log
FN:821,log
FNDA:0,log
FN:825,log
FNDA:0,log
FN:829,log
FNDA:0,log
FN:833,log
FNDA:0,log
FN:837,log
FNDA:0,log
FN:841,log
FNDA:0,log
FN:845,log
FNDA:0,log
FN:849,log
FNDA:0,log
FN:853,log
FNDA:0,log
FN:857,log
FNDA:0,log
FN:861,log
FNDA:0,log
FN:865,log
FNDA:0,log
FN:869,log
FNDA:0,log
FN:873,log
FNDA:0,log
FN:877,log
FNDA:0,log
FN:881,log
FNDA:0,log
FN:885,log
FNDA:0,log
FN:889,log
FNDA:0,log
FN:893,log
FNDA:0,log
FN:897,log
FNDA:0,log
FN:901,log
FNDA:0,log
FN:905,log
FNDA:0,log
FN:909,log
FNDA:0,log
FN:913,log
FNDA:0,log
FN:917,log
FNDA:0,log
FN:921,log
FNDA:0,log
FN:925,log
FNDA:0,log
FN:929,log
FNDA:0,log
FN:933,log
FNDA:0,log
FN:937,log
FNDA:0,log
FN:941,log
FNDA:0,log
FN:945,log
FNDA:0,log
FN:949,log
FNDA:0,log
FN:953,log
FNDA:0,log
FN:957,log
FNDA:0,log
FN:961,log
FNDA:0,log
FN:965,log
FNDA:0,log
FN:969,log
FNDA:0,log
FN:973,log
FNDA:0,log
FN:977,log
FNDA:0,log
FN:981,log
FNDA:0,log
FN:985,log
FNDA:0,log
FN:989,log
FNDA:0,log
FN:993,log
FNDA:0,log
FN:997,log
FNDA:0,log
FN:1001,log
FNDA:0,log
FN:1005,log
FNDA:0,log
FN:1009,log
FNDA:0,log
FN:1013,log
FNDA:0,log
FN:1017,log
FNDA:0,log
FN:1021,log
FNDA:0,log
FN:1025,log
FNDA:0,log
FN:1029,log
FNDA:0,log
FN:1033,log
FNDA:0,log
FN:1037,log
FNDA:0,log
FN:1041,log
FNDA:0,log
FN:1045,log
FNDA:0,log
FN:1049,log
FNDA:0,log
FN:1053,log
FNDA:0,log
FN:1057,log
FNDA:0,log
FN:1061,log
FNDA:0,log
FN:1065,log
FNDA:0,log
FN:1069,log
FNDA:0,log
FN:1073,log
FNDA:0,log
FN:1077,log
FNDA:0,log
FN:1081,log
FNDA:0,log
FN:1085,log
FNDA:0,log
FN:1089,log
FNDA:0,log
FN:1093,log
FNDA:0,log
FN:1097,log
FNDA:0,log
FN:1101,log
FNDA:0,log
FN:1105,log
FNDA:0,log
FN:1109,log
FNDA:0,log
FN:1113,log
FNDA:0,log
FN:1117,log
FNDA:0,log
FN:1121,log
FNDA:0,log
FN:1125,log
FNDA:0,log
FN:1129,log
FNDA:0,log
FN:1133,log
FNDA:0,log
FN:1137,log
FNDA:0,log
FN:1141,log
FNDA:0,log
FN:1145,log
FNDA:0,log
FN:1149,log
FNDA:0,log
FN:1153,log
FNDA:0,log
FN:1157,log
FNDA:0,log
FN:1161,log
FNDA:0,log
FN:1165,log
FNDA:0,log
FN:1169,log
FNDA:0,log
FN:1173,log
FNDA:0,log
FN:1177,log
FNDA:0,log
FN:1181,log
FNDA:0,log
FN:1185,log
FNDA:0,log
FN:1189,log
FNDA:0,log
FN:1193,log
FNDA:0,log
FN:1197,log
FNDA:0,log
FN:1201,log
FNDA:0,log
FN:1205,log
FNDA:0,log
FN:1209,log
FNDA:0,log
FN:1213,log
FNDA:0,log
FN:1217,log
FNDA:0,log
FN:1221,log
FNDA:0,log
FN:1225,log
FNDA:0,log
FN:1229,log
FNDA:0,log
FN:1233,log
FNDA:0,log
FN:1237,log
FNDA:0,log
FN:1241,log
FNDA:0,log
FN:1245,log
FNDA:0,log
FN:1249,log
FNDA:0,log
FN:1253,log
FNDA:0,log
FN:1257,log
FNDA:0,log
FN:1261,log
FNDA:0,log
FN:1265,log
FNDA:0,log
FN:1269,log
FNDA:0,log
FN:1273,log
FNDA:0,log
FN:1277,log
FNDA:0,log
FN:1281,log
FNDA:0,log
FN:1285,log
FNDA:0,log
FN:1289,log
FNDA:0,log
FN:1293,log
FNDA:0,log
FN:1297,log
FNDA:0,log
FN:1301,log
FNDA:0,log
FN:1305,log
FNDA:0,log
FN:1309,log
FNDA:0,log
FN:1313,log
FNDA:0,log
FN:1317,log
FNDA:0,log
FN:1321,log
FNDA:0,log
FN:1325,log
FNDA:0,log
FN:1329,log
FNDA:0,log
FN:1333,log
FNDA:0,log
FN:1337,log
FNDA:0,log
FN:1341,log
FNDA:0,log
FN:1345,log
FNDA:0,log
FN:1349,log
FNDA:0,log
FN:1353,log
FNDA:0,log
FN:1357,log
FNDA:0,log
FN:1361,log
FNDA:0,log
FN:1365,log
FNDA:0,log
FN:1369,log
FNDA:0,log
FN:1373,log
FNDA:0,log
FN:1377,log
FNDA:0,log
FN:1381,log
FNDA:0,log
FN:1385,log
FNDA:0,log
FN:1389,log
FNDA:0,log
FN:1393,log
FNDA:0,log
FN:1397,log
FNDA:0,log
FN:1401,log
FNDA:0,log
FN:1405,log
FNDA:0,log
FN:1409,log
FNDA:0,log
FN:1413,log
FNDA:0,log
FN:1417,log
FNDA:0,log
FN:1421,log
FNDA:0,log
FN:1425,log
FNDA:0,log
FN:1429,log
FNDA:0,log
FN:1433,log
FNDA:0,log
FN:1437,log
FNDA:0,log
FN:1441,log
FNDA:0,log
FN:1445,log
FNDA:0,log
FN:1449,log
FNDA:0,log
FN:1453,log
FNDA:0,log
FN:1457,log
FNDA:0,log
FN:1461,log
FNDA:0,log
FN:1465,log
FNDA:0,log
FN:1469,log
FNDA:0,log
FN:1473,log
FNDA:0,log
FN:1477,log
FNDA:0,log
FN:1481,log
FNDA:0,log
FN:1485,log
FNDA:0,log
FN:1489,log
FNDA:0,log
FN:1493,log
FNDA:0,log
FN:1497,log
FNDA:0,log
FN:1501,log
FNDA:0,log
FN:1505,log
FNDA:0,log
FN:1509,log
FNDA:0,log
FN:1513,log
FNDA:0,log
FN:1517,log
FNDA:0,log
FN:1521,log
FNDA:0,log
FN:1525,log
FNDA:0,log
FN:1529,log
FNDA:0,log
FN:1533,log
FNDA:0,log
FN:1537,log
FNDA:0,log
FN:1541,log
FNDA:0,log
FN:1545,log
FNDA:0,log
FN:1549,log
FNDA:0,log
end_of_record
SF:/Users/dirtymic/guardian/guardian-fuzz-framework/GuardianFuzzFramework/lib/forge-std/src/console2.sol
end_of_record
SF:/Users/dirtymic/guardian/guardian-fuzz-framework/GuardianFuzzFramework/lib/forge-std/src/interfaces/IERC165.sol
end_of_record
SF:/Users/dirtymic/guardian/guardian-fuzz-framework/GuardianFuzzFramework/lib/forge-std/src/interfaces/IERC20.sol
end_of_record
SF:/Users/dirtymic/guardian/guardian-fuzz-framework/GuardianFuzzFramework/lib/forge-std/src/interfaces/IERC721.sol
end_of_record
SF:/Users/dirtymic/guardian/guardian-fuzz-framework/GuardianFuzzFramework/lib/forge-std/src/interfaces/IMulticall3.sol
end_of_record
SF:/Users/dirtymic/guardian/guardian-fuzz-framework/GuardianFuzzFramework/lib/forge-std/src/mocks/MockERC20.sol
DA:8,0
DA:19,0
DA:20,0
DA:23,0
DA:24,0
DA:27,0
DA:28,0
DA:41,0
DA:42,0
DA:45,0
DA:46,0
DA:49,0
DA:50,0
DA:61,0
DA:73,0
DA:75,0
DA:76,0
DA:77,0
DA:79,0
DA:80,0
DA:82,0
DA:89,0
DA:90,0
DA:92,0
DA:94,0
DA:97,0
DA:98,0
DA:99,0
DA:101,0
DA:103,0
DA:106,0
DA:107,0
DA:109,0
DA:111,0
DA:112,0
DA:114,0
DA:116,0
DA:127,0
DA:129,0
DA:133,0
DA:136,0
DA:139,0
DA:140,0
DA:141,0
DA:142,0
DA:143,0
DA:148,0
DA:149,0
DA:150,0
DA:153,0
DA:155,0
DA:157,0
DA:160,0
DA:161,0
DA:164,0
DA:167,0
DA:168,0
DA:169,0
DA:170,0
DA:171,0
DA:198,0
DA:199,0
DA:200,0
DA:201,0
DA:204,0
DA:205,0
DA:206,0
DA:217,0
DA:220,0
DA:226,0
DA:227,0
DA:228,0
DA:230,0
DA:232,0
FN:19,name
FNDA:0,name
FN:23,symbol
FNDA:0,symbol
FN:27,decimals
FNDA:0,decimals
FN:41,totalSupply
FNDA:0,totalSupply
FN:45,balanceOf
FNDA:0,balanceOf
FN:49,allowance
FNDA:0,allowance
FN:72,initialize
FNDA:0,initialize
FN:89,approve
FNDA:0,approve
FN:97,transfer
FNDA:0,transfer
FN:106,transferFrom
FNDA:0,transferFrom
FN:123,permit
FNDA:0,permit
FN:160,DOMAIN_SEPARATOR
FNDA:0,DOMAIN_SEPARATOR
FN:164,computeDomainSeparator
FNDA:0,computeDomainSeparator
FN:180,_mint
FNDA:0,_mint
FN:187,_burn
FNDA:0,_burn
FN:198,_add
FNDA:0,_add
FN:204,_sub
FNDA:0,_sub
FN:217,_viewChainId
FNDA:0,_viewChainId
FN:226,_pureChainId
FNDA:0,_pureChainId
end_of_record
SF:/Users/dirtymic/guardian/guardian-fuzz-framework/GuardianFuzzFramework/lib/forge-std/src/mocks/MockERC721.sol
DA:8,0
DA:17,0
DA:18,0
DA:21,0
DA:22,0
DA:25,0
DA:35,0
DA:36,0
DA:39,0
DA:40,0
DA:42,0
DA:53,0
DA:54,0
DA:57,0
DA:58,0
DA:71,0
DA:73,0
DA:74,0
DA:76,0
DA:84,0
DA:86,0
DA:88,0
DA:90,0
DA:94,0
DA:96,0
DA:100,0
DA:102,0
DA:105,0
DA:111,0
DA:113,0
DA:115,0
DA:117,0
DA:119,0
DA:123,0
DA:126,0
DA:127,0
DA:128,0
DA:139,0
DA:142,0
DA:143,0
DA:144,0
DA:153,0
DA:154,0
DA:155,0
DA:156,0
DA:221,0
DA:222,0
DA:226,0
DA:229,0
FN:17,name
FNDA:0,name
FN:21,symbol
FNDA:0,symbol
FN:25,tokenURI
FNDA:0,tokenURI
FN:35,ownerOf
FNDA:0,ownerOf
FN:39,balanceOf
FNDA:0,balanceOf
FN:53,getApproved
FNDA:0,getApproved
FN:57,isApprovedForAll
FNDA:0,isApprovedForAll
FN:70,initialize
FNDA:0,initialize
FN:83,approve
FNDA:0,approve
FN:93,setApprovalForAll
FNDA:0,setApprovalForAll
FN:99,transferFrom
FNDA:0,transferFrom
FN:122,safeTransferFrom
FNDA:0,safeTransferFrom
FN:133,safeTransferFrom
FNDA:0,safeTransferFrom
FN:153,supportsInterface
FNDA:0,supportsInterface
FN:163,_mint
FNDA:0,_mint
FN:177,_burn
FNDA:0,_burn
FN:195,_safeMint
FNDA:0,_safeMint
FN:206,_safeMint
FNDA:0,_safeMint
FN:221,_isContract
FNDA:0,_isContract
end_of_record
SF:/Users/dirtymic/guardian/guardian-fuzz-framework/GuardianFuzzFramework/lib/forge-std/src/safeconsole.sol
DA:6,0
FN:11,_sendLogPayload
FNDA:0,_sendLogPayload
FN:21,_sendLogPayloadView
FNDA:0,_sendLogPayloadView
FN:28,_memcopy
FNDA:0,_memcopy
FN:38,_memcopyView
FNDA:0,_memcopyView
FN:45,logMemory
FNDA:0,logMemory
FN:99,log
FNDA:0,log
FN:118,log
FNDA:0,log
FN:137,log
FNDA:0,log
FN:156,log
FNDA:0,log
FN:189,log
FNDA:0,log
FN:212,log
FNDA:0,log
FN:235,log
FNDA:0,log
FN:258,log
FNDA:0,log
FN:295,log
FNDA:0,log
FN:318,log
FNDA:0,log
FN:341,log
FNDA:0,log
FN:364,log
FNDA:0,log
FN:401,log
FNDA:0,log
FN:424,log
FNDA:0,log
FN:447,log
FNDA:0,log
FN:470,log
FNDA:0,log
FN:507,log
FNDA:0,log
FN:544,log
FNDA:0,log
FN:581,log
FNDA:0,log
FN:618,log
FNDA:0,log
FN:662,log
FNDA:0,log
FN:689,log
FNDA:0,log
FN:716,log
FNDA:0,log
FN:743,log
FNDA:0,log
FN:784,log
FNDA:0,log
FN:811,log
FNDA:0,log
FN:838,log
FNDA:0,log
FN:865,log
FNDA:0,log
FN:906,log
FNDA:0,log
FN:933,log
FNDA:0,log
FN:960,log
FNDA:0,log
FN:987,log
FNDA:0,log
FN:1028,log
FNDA:0,log
FN:1069,log
FNDA:0,log
FN:1110,log
FNDA:0,log
FN:1151,log
FNDA:0,log
FN:1199,log
FNDA:0,log
FN:1226,log
FNDA:0,log
FN:1253,log
FNDA:0,log
FN:1280,log
FNDA:0,log
FN:1321,log
FNDA:0,log
FN:1348,log
FNDA:0,log
FN:1375,log
FNDA:0,log
FN:1402,log
FNDA:0,log
FN:1443,log
FNDA:0,log
FN:1470,log
FNDA:0,log
FN:1497,log
FNDA:0,log
FN:1524,log
FNDA:0,log
FN:1565,log
FNDA:0,log
FN:1606,log
FNDA:0,log
FN:1647,log
FNDA:0,log
FN:1688,log
FNDA:0,log
FN:1736,log
FNDA:0,log
FN:1763,log
FNDA:0,log
FN:1790,log
FNDA:0,log
FN:1817,log
FNDA:0,log
FN:1858,log
FNDA:0,log
FN:1885,log
FNDA:0,log
FN:1912,log
FNDA:0,log
FN:1939,log
FNDA:0,log
FN:1980,log
FNDA:0,log
FN:2007,log
FNDA:0,log
FN:2034,log
FNDA:0,log
FN:2061,log
FNDA:0,log
FN:2102,log
FNDA:0,log
FN:2143,log
FNDA:0,log
FN:2184,log
FNDA:0,log
FN:2225,log
FNDA:0,log
FN:2273,log
FNDA:0,log
FN:2314,log
FNDA:0,log
FN:2355,log
FNDA:0,log
FN:2396,log
FNDA:0,log
FN:2444,log
FNDA:0,log
FN:2485,log
FNDA:0,log
FN:2526,log
FNDA:0,log
FN:2567,log
FNDA:0,log
FN:2615,log
FNDA:0,log
FN:2656,log
FNDA:0,log
FN:2697,log
FNDA:0,log
FN:2738,log
FNDA:0,log
FN:2786,log
FNDA:0,log
FN:2834,log
FNDA:0,log
FN:2882,log
FNDA:0,log
FN:2930,log
FNDA:0,log
FN:2985,log
FNDA:0,log
FN:3016,log
FNDA:0,log
FN:3047,log
FNDA:0,log
FN:3078,log
FNDA:0,log
FN:3123,log
FNDA:0,log
FN:3154,log
FNDA:0,log
FN:3185,log
FNDA:0,log
FN:3216,log
FNDA:0,log
FN:3261,log
FNDA:0,log
FN:3292,log
FNDA:0,log
FN:3323,log
FNDA:0,log
FN:3354,log
FNDA:0,log
FN:3399,log
FNDA:0,log
FN:3444,log
FNDA:0,log
FN:3489,log
FNDA:0,log
FN:3534,log
FNDA:0,log
FN:3586,log
FNDA:0,log
FN:3617,log
FNDA:0,log
FN:3648,log
FNDA:0,log
FN:3679,log
FNDA:0,log
FN:3724,log
FNDA:0,log
FN:3755,log
FNDA:0,log
FN:3786,log
FNDA:0,log
FN:3817,log
FNDA:0,log
FN:3862,log
FNDA:0,log
FN:3893,log
FNDA:0,log
FN:3924,log
FNDA:0,log
FN:3955,log
FNDA:0,log
FN:4000,log
FNDA:0,log
FN:4045,log
FNDA:0,log
FN:4090,log
FNDA:0,log
FN:4135,log
FNDA:0,log
FN:4187,log
FNDA:0,log
FN:4218,log
FNDA:0,log
FN:4249,log
FNDA:0,log
FN:4280,log
FNDA:0,log
FN:4325,log
FNDA:0,log
FN:4356,log
FNDA:0,log
FN:4387,log
FNDA:0,log
FN:4418,log
FNDA:0,log
FN:4463,log
FNDA:0,log
FN:4494,log
FNDA:0,log
FN:4525,log
FNDA:0,log
FN:4556,log
FNDA:0,log
FN:4601,log
FNDA:0,log
FN:4646,log
FNDA:0,log
FN:4691,log
FNDA:0,log
FN:4736,log
FNDA:0,log
FN:4788,log
FNDA:0,log
FN:4833,log
FNDA:0,log
FN:4878,log
FNDA:0,log
FN:4923,log
FNDA:0,log
FN:4975,log
FNDA:0,log
FN:5020,log
FNDA:0,log
FN:5065,log
FNDA:0,log
FN:5110,log
FNDA:0,log
FN:5162,log
FNDA:0,log
FN:5207,log
FNDA:0,log
FN:5252,log
FNDA:0,log
FN:5297,log
FNDA:0,log
FN:5349,log
FNDA:0,log
FN:5401,log
FNDA:0,log
FN:5453,log
FNDA:0,log
FN:5505,log
FNDA:0,log
FN:5564,log
FNDA:0,log
FN:5595,log
FNDA:0,log
FN:5626,log
FNDA:0,log
FN:5657,log
FNDA:0,log
FN:5702,log
FNDA:0,log
FN:5733,log
FNDA:0,log
FN:5764,log
FNDA:0,log
FN:5795,log
FNDA:0,log
FN:5840,log
FNDA:0,log
FN:5871,log
FNDA:0,log
FN:5902,log
FNDA:0,log
FN:5933,log
FNDA:0,log
FN:5978,log
FNDA:0,log
FN:6023,log
FNDA:0,log
FN:6068,log
FNDA:0,log
FN:6113,log
FNDA:0,log
FN:6165,log
FNDA:0,log
FN:6196,log
FNDA:0,log
FN:6227,log
FNDA:0,log
FN:6258,log
FNDA:0,log
FN:6303,log
FNDA:0,log
FN:6334,log
FNDA:0,log
FN:6365,log
FNDA:0,log
FN:6396,log
FNDA:0,log
FN:6441,log
FNDA:0,log
FN:6472,log
FNDA:0,log
FN:6503,log
FNDA:0,log
FN:6534,log
FNDA:0,log
FN:6579,log
FNDA:0,log
FN:6624,log
FNDA:0,log
FN:6669,log
FNDA:0,log
FN:6714,log
FNDA:0,log
FN:6766,log
FNDA:0,log
FN:6797,log
FNDA:0,log
FN:6828,log
FNDA:0,log
FN:6859,log
FNDA:0,log
FN:6904,log
FNDA:0,log
FN:6935,log
FNDA:0,log
FN:6966,log
FNDA:0,log
FN:6997,log
FNDA:0,log
FN:7042,log
FNDA:0,log
FN:7073,log
FNDA:0,log
FN:7104,log
FNDA:0,log
FN:7135,log
FNDA:0,log
FN:7180,log
FNDA:0,log
FN:7225,log
FNDA:0,log
FN:7270,log
FNDA:0,log
FN:7315,log
FNDA:0,log
FN:7367,log
FNDA:0,log
FN:7412,log
FNDA:0,log
FN:7457,log
FNDA:0,log
FN:7502,log
FNDA:0,log
FN:7554,log
FNDA:0,log
FN:7599,log
FNDA:0,log
FN:7644,log
FNDA:0,log
FN:7689,log
FNDA:0,log
FN:7741,log
FNDA:0,log
FN:7786,log
FNDA:0,log
FN:7831,log
FNDA:0,log
FN:7876,log
FNDA:0,log
FN:7928,log
FNDA:0,log
FN:7980,log
FNDA:0,log
FN:8032,log
FNDA:0,log
FN:8084,log
FNDA:0,log
FN:8143,log
FNDA:0,log
FN:8174,log
FNDA:0,log
FN:8205,log
FNDA:0,log
FN:8236,log
FNDA:0,log
FN:8281,log
FNDA:0,log
FN:8312,log
FNDA:0,log
FN:8343,log
FNDA:0,log
FN:8374,log
FNDA:0,log
FN:8419,log
FNDA:0,log
FN:8450,log
FNDA:0,log
FN:8481,log
FNDA:0,log
FN:8512,log
FNDA:0,log
FN:8557,log
FNDA:0,log
FN:8602,log
FNDA:0,log
FN:8647,log
FNDA:0,log
FN:8692,log
FNDA:0,log
FN:8744,log
FNDA:0,log
FN:8775,log
FNDA:0,log
FN:8806,log
FNDA:0,log
FN:8837,log
FNDA:0,log
FN:8882,log
FNDA:0,log
FN:8913,log
FNDA:0,log
FN:8944,log
FNDA:0,log
FN:8975,log
FNDA:0,log
FN:9020,log
FNDA:0,log
FN:9051,log
FNDA:0,log
FN:9082,log
FNDA:0,log
FN:9113,log
FNDA:0,log
FN:9158,log
FNDA:0,log
FN:9203,log
FNDA:0,log
FN:9248,log
FNDA:0,log
FN:9293,log
FNDA:0,log
FN:9345,log
FNDA:0,log
FN:9376,log
FNDA:0,log
FN:9407,log
FNDA:0,log
FN:9438,log
FNDA:0,log
FN:9483,log
FNDA:0,log
FN:9514,log
FNDA:0,log
FN:9545,log
FNDA:0,log
FN:9576,log
FNDA:0,log
FN:9621,log
FNDA:0,log
FN:9652,log
FNDA:0,log
FN:9683,log
FNDA:0,log
FN:9714,log
FNDA:0,log
FN:9759,log
FNDA:0,log
FN:9804,log
FNDA:0,log
FN:9849,log
FNDA:0,log
FN:9894,log
FNDA:0,log
FN:9946,log
FNDA:0,log
FN:9991,log
FNDA:0,log
FN:10036,log
FNDA:0,log
FN:10081,log
FNDA:0,log
FN:10133,log
FNDA:0,log
FN:10178,log
FNDA:0,log
FN:10223,log
FNDA:0,log
FN:10268,log
FNDA:0,log
FN:10320,log
FNDA:0,log
FN:10365,log
FNDA:0,log
FN:10410,log
FNDA:0,log
FN:10455,log
FNDA:0,log
FN:10507,log
FNDA:0,log
FN:10559,log
FNDA:0,log
FN:10611,log
FNDA:0,log
FN:10663,log
FNDA:0,log
FN:10722,log
FNDA:0,log
FN:10767,log
FNDA:0,log
FN:10812,log
FNDA:0,log
FN:10857,log
FNDA:0,log
FN:10909,log
FNDA:0,log
FN:10954,log
FNDA:0,log
FN:10999,log
FNDA:0,log
FN:11044,log
FNDA:0,log
FN:11096,log
FNDA:0,log
FN:11141,log
FNDA:0,log
FN:11186,log
FNDA:0,log
FN:11231,log
FNDA:0,log
FN:11283,log
FNDA:0,log
FN:11335,log
FNDA:0,log
FN:11387,log
FNDA:0,log
FN:11439,log
FNDA:0,log
FN:11498,log
FNDA:0,log
FN:11543,log
FNDA:0,log
FN:11588,log
FNDA:0,log
FN:11633,log
FNDA:0,log
FN:11685,log
FNDA:0,log
FN:11730,log
FNDA:0,log
FN:11775,log
FNDA:0,log
FN:11820,log
FNDA:0,log
FN:11872,log
FNDA:0,log
FN:11917,log
FNDA:0,log
FN:11962,log
FNDA:0,log
FN:12007,log
FNDA:0,log
FN:12059,log
FNDA:0,log
FN:12111,log
FNDA:0,log
FN:12163,log
FNDA:0,log
FN:12215,log
FNDA:0,log
FN:12274,log
FNDA:0,log
FN:12319,log
FNDA:0,log
FN:12364,log
FNDA:0,log
FN:12409,log
FNDA:0,log
FN:12461,log
FNDA:0,log
FN:12506,log
FNDA:0,log
FN:12551,log
FNDA:0,log
FN:12596,log
FNDA:0,log
FN:12648,log
FNDA:0,log
FN:12693,log
FNDA:0,log
FN:12738,log
FNDA:0,log
FN:12783,log
FNDA:0,log
FN:12835,log
FNDA:0,log
FN:12887,log
FNDA:0,log
FN:12939,log
FNDA:0,log
FN:12991,log
FNDA:0,log
FN:13050,log
FNDA:0,log
FN:13102,log
FNDA:0,log
FN:13154,log
FNDA:0,log
FN:13206,log
FNDA:0,log
FN:13265,log
FNDA:0,log
FN:13317,log
FNDA:0,log
FN:13369,log
FNDA:0,log
FN:13421,log
FNDA:0,log
FN:13480,log
FNDA:0,log
FN:13532,log
FNDA:0,log
FN:13584,log
FNDA:0,log
FN:13636,log
FNDA:0,log
FN:13695,log
FNDA:0,log
FN:13754,log
FNDA:0,log
FN:13813,log
FNDA:0,log
FN:13872,log
FNDA:0,log
end_of_record
SF:/Users/dirtymic/guardian/guardian-fuzz-framework/GuardianFuzzFramework/lib/fuzzlib/src/FuzzBase.sol
DA:8,1
DA:11,1
end_of_record
SF:/Users/dirtymic/guardian/guardian-fuzz-framework/GuardianFuzzFramework/lib/fuzzlib/src/FuzzLibString.sol
DA:8,0
DA:11,0
DA:12,0
DA:13,0
DA:15,0
DA:16,0
DA:20,73008
DA:26,73008
DA:29,73008
DA:32,73008
DA:35,73008
DA:38,73008
DA:43,2586132
DA:45,2586132
DA:49,2586132
DA:52,2586132
DA:55,2586132
DA:59,73008
DA:62,73008
DA:65,73008
DA:69,0
DA:70,0
DA:71,0
DA:72,0
DA:73,0
DA:75,0
DA:76,0
DA:77,0
DA:78,0
DA:80,0
DA:83,0
DA:84,0
DA:85,0
DA:93,0
DA:95,0
DA:96,0
DA:97,0
DA:98,0
DA:99,0
DA:100,0
DA:101,0
DA:103,0
DA:110,0
DA:113,0
DA:115,0
DA:116,0
DA:117,0
DA:118,0
DA:121,0
DA:122,0
DA:123,0
DA:124,0
DA:128,0
DA:129,0
DA:133,0
DA:137,0
DA:141,0
DA:143,0
DA:149,0
DA:151,0
DA:152,0
FN:11,toString
FNDA:0,toString
FN:20,toString
FNDA:1,toString
FN:69,toString
FNDA:0,toString
FN:83,char
FNDA:0,char
FN:90,toHexString
FNDA:0,toHexString
FN:107,getRevertMsg
FNDA:0,getRevertMsg
FN:146,isRevertReasonEqual
FNDA:0,isRevertReasonEqual
end_of_record
SF:/Users/dirtymic/guardian/guardian-fuzz-framework/GuardianFuzzFramework/lib/fuzzlib/src/Fuzzlib.sol
DA:11,169397
end_of_record
SF:/Users/dirtymic/guardian/guardian-fuzz-framework/GuardianFuzzFramework/lib/fuzzlib/src/helpers/HelperAssert.sol
DA:19,56392
DA:20,56392
DA:21,56392
DA:31,0
DA:32,0
DA:33,0
DA:34,0
DA:35,0
DA:36,0
DA:46,0
DA:47,0
DA:48,0
DA:49,0
DA:50,0
DA:51,0
DA:61,0
DA:62,0
DA:63,0
DA:64,0
DA:65,0
DA:66,0
DA:76,0
DA:77,0
DA:78,0
DA:79,0
DA:80,0
DA:81,0
DA:91,0
DA:92,0
DA:93,0
DA:94,0
DA:95,0
DA:96,0
DA:97,0
DA:98,0
DA:108,0
DA:109,0
DA:110,0
DA:111,0
DA:112,0
DA:113,0
DA:123,0
DA:124,0
DA:125,0
DA:126,0
DA:127,0
DA:128,0
DA:138,0
DA:139,0
DA:140,0
DA:141,0
DA:142,0
DA:143,0
DA:153,0
DA:154,0
DA:155,0
DA:156,0
DA:157,0
DA:158,0
DA:168,0
DA:169,0
DA:170,0
DA:171,0
DA:172,0
DA:173,0
DA:183,0
DA:184,0
DA:185,0
DA:186,0
DA:187,0
DA:188,0
DA:198,0
DA:199,0
DA:200,0
DA:201,0
DA:202,0
DA:203,0
DA:213,0
DA:214,0
DA:215,0
DA:216,0
DA:217,0
DA:218,0
DA:228,0
DA:229,0
DA:230,0
DA:231,0
DA:232,0
DA:233,0
DA:243,0
DA:244,0
DA:245,0
DA:246,0
DA:247,0
DA:248,0
DA:256,0
DA:257,0
DA:264,0
DA:265,0
DA:273,0
DA:274,0
DA:275,0
DA:276,0
DA:278,0
DA:287,0
DA:288,0
DA:289,0
DA:290,0
DA:291,0
DA:293,0
DA:303,0
DA:304,0
DA:305,0
DA:306,0
DA:307,0
DA:309,0
DA:311,0
DA:313,0
DA:315,0
DA:318,0
DA:326,11395
DA:327,22790
DA:328,11395
DA:329,0
DA:330,0
DA:333,11395
DA:341,0
DA:342,0
DA:343,0
DA:344,0
DA:345,0
DA:346,0
DA:347,0
DA:350,0
DA:353,0
DA:354,0
FN:18,t
FNDA:1,t
FN:26,eq
FNDA:0,eq
FN:41,eq
FNDA:0,eq
FN:56,eq
FNDA:0,eq
FN:71,eq
FNDA:0,eq
FN:86,eq
FNDA:0,eq
FN:103,neq
FNDA:0,neq
FN:118,neq
FNDA:0,neq
FN:133,gte
FNDA:0,gte
FN:148,gte
FNDA:0,gte
FN:163,gt
FNDA:0,gt
FN:178,gt
FNDA:0,gt
FN:193,lte
FNDA:0,lte
FN:208,lte
FNDA:0,lte
FN:223,lt
FNDA:0,lt
FN:238,lt
FNDA:0,lt
FN:252,assertRevertReasonNotEqual
FNDA:0,assertRevertReasonNotEqual
FN:260,assertRevertReasonEqual
FNDA:0,assertRevertReasonEqual
FN:268,assertRevertReasonEqual
FNDA:0,assertRevertReasonEqual
FN:281,assertRevertReasonEqual
FNDA:0,assertRevertReasonEqual
FN:296,assertRevertReasonEqual
FNDA:0,assertRevertReasonEqual
FN:321,errAllow
FNDA:1,errAllow
FN:336,errsAllow
FNDA:0,errsAllow
FN:353,createAssertFailMessage
FNDA:0,createAssertFailMessage
end_of_record
SF:/Users/dirtymic/guardian/guardian-fuzz-framework/GuardianFuzzFramework/lib/fuzzlib/src/helpers/HelperBase.sol
DA:6,0
DA:7,0
DA:10,1
FN:9,setPlatform
FNDA:1,setPlatform
end_of_record
SF:/Users/dirtymic/guardian/guardian-fuzz-framework/GuardianFuzzFramework/lib/fuzzlib/src/helpers/HelperClamp.sol
DA:22,45181
DA:23,45181
DA:31,0
DA:32,0
DA:36,0
DA:37,0
DA:41,0
DA:42,0
DA:46,0
DA:47,0
DA:51,0
DA:52,0
DA:56,0
DA:57,0
DA:61,0
DA:62,0
DA:66,0
DA:67,0
DA:71,0
DA:72,0
DA:87,45181
DA:88,45181
DA:89,36504
DA:90,36504
DA:91,36504
DA:92,36504
DA:93,36504
DA:95,36504
DA:97,36504
DA:99,36504
DA:101,36504
DA:103,8677
DA:112,0
DA:113,0
DA:114,0
DA:115,0
DA:116,0
DA:117,0
DA:118,0
DA:119,0
DA:120,0
DA:121,0
DA:123,0
DA:125,0
DA:127,0
DA:129,0
DA:131,0
DA:139,0
DA:140,0
DA:141,0
DA:142,0
DA:143,0
DA:146,0
DA:147,0
DA:148,0
DA:149,0
DA:150,0
DA:152,0
DA:154,0
DA:156,0
DA:158,0
DA:160,0
DA:168,0
DA:169,0
DA:170,0
DA:171,0
DA:172,0
DA:173,0
DA:174,0
DA:176,0
DA:178,0
DA:180,0
DA:182,0
DA:184,0
DA:192,0
DA:193,0
DA:194,0
DA:195,0
DA:196,0
DA:197,0
DA:198,0
DA:200,0
DA:202,0
DA:204,0
DA:206,0
DA:208,0
DA:216,0
DA:217,0
DA:218,0
DA:219,0
DA:220,0
DA:221,0
DA:222,0
DA:224,0
DA:226,0
DA:228,0
DA:230,0
DA:232,0
DA:240,0
DA:241,0
DA:242,0
DA:243,0
DA:244,0
DA:247,0
DA:248,0
DA:249,0
DA:250,0
DA:251,0
DA:253,0
DA:255,0
DA:257,0
DA:259,0
DA:261,0
DA:270,0
DA:271,0
DA:272,0
DA:273,0
DA:274,0
DA:275,0
DA:276,0
DA:278,0
DA:280,0
DA:282,0
DA:284,0
DA:286,0
DA:295,0
DA:296,0
DA:297,0
DA:298,0
DA:299,0
DA:300,0
DA:301,0
DA:303,0
DA:305,0
DA:307,0
DA:309,0
DA:311,0
DA:319,0
DA:320,0
DA:321,0
DA:322,0
DA:323,0
DA:324,0
DA:325,0
DA:327,0
DA:329,0
DA:331,0
DA:333,0
DA:335,0
FN:18,clamp
FNDA:1,clamp
FN:27,clamp
FNDA:0,clamp
FN:36,clampLt
FNDA:0,clampLt
FN:41,clampLt
FNDA:0,clampLt
FN:46,clampLte
FNDA:0,clampLte
FN:51,clampLte
FNDA:0,clampLte
FN:56,clampGt
FNDA:0,clampGt
FN:61,clampGt
FNDA:0,clampGt
FN:66,clampGte
FNDA:0,clampGte
FN:71,clampGte
FNDA:0,clampGte
FN:82,clamp
FNDA:1,clamp
FN:107,clamp
FNDA:0,clamp
FN:135,clampLt
FNDA:0,clampLt
FN:164,clampLt
FNDA:0,clampLt
FN:188,clampLte
FNDA:0,clampLte
FN:212,clampLte
FNDA:0,clampLte
FN:236,clampGt
FNDA:0,clampGt
FN:266,clampGt
FNDA:0,clampGt
FN:291,clampGte
FNDA:0,clampGte
FN:315,clampGte
FNDA:0,clampGte
end_of_record
SF:/Users/dirtymic/guardian/guardian-fuzz-framework/GuardianFuzzFramework/lib/fuzzlib/src/helpers/HelperLog.sol
DA:8,0
DA:12,22557
DA:16,0
DA:20,22633
DA:24,0
DA:28,0
DA:32,0
DA:36,22633
DA:40,0
DA:44,0
DA:48,0
DA:52,0
DA:56,0
DA:60,0
DA:64,0
DA:68,0
DA:72,0
FN:7,log
FNDA:0,log
FN:11,log
FNDA:1,log
FN:15,log
FNDA:0,log
FN:19,log
FNDA:1,log
FN:23,log
FNDA:0,log
FN:27,log
FNDA:0,log
FN:31,log
FNDA:0,log
FN:35,log
FNDA:1,log
FN:39,logFail
FNDA:0,logFail
FN:43,logFail
FNDA:0,logFail
FN:47,logFail
FNDA:0,logFail
FN:51,logFail
FNDA:0,logFail
FN:55,logFail
FNDA:0,logFail
FN:59,logFail
FNDA:0,logFail
FN:63,logFail
FNDA:0,logFail
FN:67,logFail
FNDA:0,logFail
FN:71,logFail
FNDA:0,logFail
end_of_record
SF:/Users/dirtymic/guardian/guardian-fuzz-framework/GuardianFuzzFramework/lib/fuzzlib/src/helpers/HelperMath.sol
DA:5,0
DA:6,0
DA:9,0
DA:10,0
DA:14,0
DA:15,0
DA:19,0
DA:20,0
DA:23,0
DA:24,0
DA:27,0
DA:28,0
DA:31,0
DA:32,0
FN:5,min
FNDA:0,min
FN:9,max
FNDA:0,max
FN:14,max
FNDA:0,max
FN:19,abs
FNDA:0,abs
FN:23,abs
FNDA:0,abs
FN:27,diff
FNDA:0,diff
FN:31,diff
FNDA:0,diff
end_of_record
SF:/Users/dirtymic/guardian/guardian-fuzz-framework/GuardianFuzzFramework/lib/fuzzlib/src/helpers/HelperRandom.sol
DA:11,0
DA:12,0
DA:14,0
DA:15,0
DA:17,0
DA:18,0
FN:7,shuffleArray
FNDA:0,shuffleArray
end_of_record
SF:/Users/dirtymic/guardian/guardian-fuzz-framework/GuardianFuzzFramework/lib/fuzzlib/src/libraries/LibLog.sol
DA:4,0
DA:24,0
DA:28,22557
DA:32,0
DA:36,22633
DA:40,0
DA:44,0
DA:48,0
DA:52,22633
DA:56,0
DA:60,0
DA:64,0
DA:68,0
DA:72,0
DA:76,0
DA:80,0
DA:84,0
FN:23,log
FNDA:0,log
FN:27,log
FNDA:1,log
FN:31,log
FNDA:0,log
FN:35,log
FNDA:1,log
FN:39,log
FNDA:0,log
FN:43,log
FNDA:0,log
FN:47,log
FNDA:0,log
FN:51,log
FNDA:1,log
FN:55,logFail
FNDA:0,logFail
FN:59,logFail
FNDA:0,logFail
FN:63,logFail
FNDA:0,logFail
FN:67,logFail
FNDA:0,logFail
FN:71,logFail
FNDA:0,logFail
FN:75,logFail
FNDA:0,logFail
FN:79,logFail
FNDA:0,logFail
FN:83,logFail
FNDA:0,logFail
FN:87,logFail
FNDA:0,logFail
end_of_record
SF:/Users/dirtymic/guardian/guardian-fuzz-framework/GuardianFuzzFramework/lib/fuzzlib/src/platform/IPlatform.sol
end_of_record
SF:/Users/dirtymic/guardian/guardian-fuzz-framework/GuardianFuzzFramework/lib/fuzzlib/src/platform/PlatformCrytic.sol
DA:7,1
DA:9,56392
FN:8,assertFail
FNDA:1,assertFail
end_of_record
SF:/Users/dirtymic/guardian/guardian-fuzz-framework/GuardianFuzzFramework/test/fuzzing/Fuzz.sol
DA:6,101624
DA:8,1
end_of_record
SF:/Users/dirtymic/guardian/guardian-fuzz-framework/GuardianFuzzFramework/test/fuzzing/FuzzGuided.sol
DA:6,0
DA:8,11204
DA:9,11204
FN:7,fuzz_guided_sampleFunctionCallTwice
FNDA:1,fuzz_guided_sampleFunctionCallTwice
end_of_record
SF:/Users/dirtymic/guardian/guardian-fuzz-framework/GuardianFuzzFramework/test/fuzzing/FuzzSampleContract.sol
DA:7,0
DA:9,33879
DA:11,33879
DA:12,33879
DA:13,33879
DA:15,33879
DA:17,33879
DA:21,11162
DA:23,11162
DA:24,11162
DA:25,11162
DA:27,11162
DA:29,11162
DA:33,11395
DA:35,11395
DA:36,11395
DA:37,11395
DA:39,11395
DA:41,11395
DA:45,11302
DA:47,11302
DA:48,11302
DA:49,11302
DA:51,11302
DA:53,11302
DA:57,11331
DA:59,11331
DA:60,11331
DA:61,11331
DA:63,11331
DA:65,11331
DA:69,11202
DA:71,11202
DA:72,11202
DA:73,11202
DA:75,11202
DA:77,11202
FN:8,fuzz_sampleFunction
FNDA:1,fuzz_sampleFunction
FN:20,fuzz_sampleFailWithRequire
FNDA:1,fuzz_sampleFailWithRequire
FN:32,fuzz_sampleFailWithCustomError
FNDA:1,fuzz_sampleFailWithCustomError
FN:44,fuzz_sampleFailWithPanic
FNDA:1,fuzz_sampleFailWithPanic
FN:56,fuzz_sampleFailWithAssert
FNDA:1,fuzz_sampleFailWithAssert
FN:68,fuzz_sampleFailReturnEmptyData
FNDA:1,fuzz_sampleFailReturnEmptyData
end_of_record
SF:/Users/dirtymic/guardian/guardian-fuzz-framework/GuardianFuzzFramework/test/fuzzing/FuzzSetup.sol
DA:6,0
DA:8,1
DA:9,1
DA:13,1
DA:19,1
DA:22,1
DA:23,1
DA:24,1
FN:7,fuzzSetup
FNDA:1,fuzzSetup
FN:12,deploySampleContract
FNDA:1,deploySampleContract
FN:17,labelAll
FNDA:1,labelAll
end_of_record
SF:/Users/dirtymic/guardian/guardian-fuzz-framework/GuardianFuzzFramework/test/fuzzing/SampleContract.sol
DA:4,1
DA:14,33879
DA:18,11162
DA:22,11395
DA:26,11302
DA:27,11302
DA:31,11331
DA:37,11202
DA:47,0
FN:13,sampleFunction
FNDA:1,sampleFunction
FN:17,sampleFailWithRequire
FNDA:1,sampleFailWithRequire
FN:21,sampleFailWithCustomError
FNDA:1,sampleFailWithCustomError
FN:25,sampleFailWithPanic
FNDA:1,sampleFailWithPanic
FN:30,sampleFailWithAssert
FNDA:1,sampleFailWithAssert
FN:34,sampleFailReturnEmptyData
FNDA:1,sampleFailReturnEmptyData
FN:41,complexFunction
FNDA:0,complexFunction
end_of_record
SF:/Users/dirtymic/guardian/guardian-fuzz-framework/GuardianFuzzFramework/test/fuzzing/helpers/BeforeAfter.sol
DA:5,0
DA:45,90271
DA:49,33879
DA:53,124150
DA:54,124150
DA:58,248300
DA:59,124150
DA:64,124150
DA:65,124150
DA:68,124150
DA:73,124150
DA:77,124150
DA:78,124150
DA:82,124150
DA:83,124150
FN:41,_before
FNDA:1,_before
FN:48,_after
FNDA:1,_after
FN:52,_setStates
FNDA:1,_setStates
FN:57,_processActors
FNDA:1,_processActors
FN:63,_updateCommonState
FNDA:1,_updateCommonState
FN:68,_logicalCoverage
FNDA:1,_logicalCoverage
FN:72,_setActorState
FNDA:1,_setActorState
FN:76,checkUserEthBalance
FNDA:1,checkUserEthBalance
FN:81,checkContractEthBalance
FNDA:1,checkContractEthBalance
FN:86,min
FNDA:0,min
end_of_record
SF:/Users/dirtymic/guardian/guardian-fuzz-framework/GuardianFuzzFramework/test/fuzzing/helpers/FuzzStorageVariables.sol
DA:8,0
DA:14,1
DA:16,101475
DA:17,33879
DA:18,1
DA:25,11162
DA:26,11202
end_of_record
SF:/Users/dirtymic/guardian/guardian-fuzz-framework/GuardianFuzzFramework/test/fuzzing/helpers/postconditions/PostconditionsBase.sol
DA:5,0
DA:7,33879
DA:11,56392
FN:6,onSuccessInvariantsGeneral
FNDA:1,onSuccessInvariantsGeneral
FN:10,onFailInvariantsGeneral
FNDA:1,onFailInvariantsGeneral
end_of_record
SF:/Users/dirtymic/guardian/guardian-fuzz-framework/GuardianFuzzFramework/test/fuzzing/helpers/postconditions/PostconditionsSampleContract.sol
DA:6,0
DA:10,33879
DA:11,33879
DA:13,33879
DA:15,33879
DA:17,0
DA:24,11162
DA:25,0
DA:27,11162
DA:36,11395
DA:37,0
DA:39,11395
DA:46,11302
DA:47,0
DA:49,11302
DA:56,11331
DA:57,0
DA:59,11331
DA:68,11202
DA:69,0
DA:71,11202
FN:7,sampleFunctionPostconditions
FNDA:1,sampleFunctionPostconditions
FN:21,sampleFailWithRequirePostconditions
FNDA:1,sampleFailWithRequirePostconditions
FN:31,sampleFailWithCustomErrorPostconditions
FNDA:1,sampleFailWithCustomErrorPostconditions
FN:43,sampleFailWithPanicPostconditions
FNDA:1,sampleFailWithPanicPostconditions
FN:53,sampleFailWithAssertPostconditions
FNDA:1,sampleFailWithAssertPostconditions
FN:63,sampleFailReturnEmptyDataPostconditions
FNDA:1,sampleFailReturnEmptyDataPostconditions
end_of_record
SF:/Users/dirtymic/guardian/guardian-fuzz-framework/GuardianFuzzFramework/test/fuzzing/helpers/preconditions/PreconditionsBase.sol
DA:6,0
DA:10,33879
DA:11,33879
DA:12,33879
DA:13,33879
DA:15,33879
DA:18,33879
DA:19,33879
DA:21,33879
DA:22,0
DA:24,33879
DA:27,33879
DA:73,101475
DA:74,101475
DA:77,101475
DA:78,101475
DA:79,2130975
DA:80,2029500
DA:81,2029500
DA:82,2029500
DA:83,2029500
DA:84,2029500
DA:86,101475
DA:89,4059000
DA:90,4059000
DA:91,0
FN:33,setActor
FNDA:0,setActor
FN:73,generateFuzzNumber
FNDA:1,generateFuzzNumber
FN:77,toString
FNDA:1,toString
FN:89,char
FNDA:1,char
end_of_record
SF:/Users/dirtymic/guardian/guardian-fuzz-framework/GuardianFuzzFramework/test/fuzzing/helpers/preconditions/PreconditionsSampleContract.sol
DA:6,0
DA:7,33879
DA:8,33879
DA:13,11162
DA:15,11162
DA:20,11395
DA:22,11395
DA:27,11302
DA:29,11302
DA:34,11331
DA:36,11331
DA:41,11202
DA:43,11202
FN:7,sampleFunctionPreconditions
FNDA:1,sampleFunctionPreconditions
FN:11,sampleFailWithRequirePreconditions
FNDA:1,sampleFailWithRequirePreconditions
FN:18,sampleFailWithCustomErrorPreconditions
FNDA:1,sampleFailWithCustomErrorPreconditions
FN:25,sampleFailWithPanicPreconditions
FNDA:1,sampleFailWithPanicPreconditions
FN:32,sampleFailWithAssertPreconditions
FNDA:1,sampleFailWithAssertPreconditions
FN:39,sampleFailReturnEmptyDataPreconditions
FNDA:1,sampleFailReturnEmptyDataPreconditions
end_of_record
SF:/Users/dirtymic/guardian/guardian-fuzz-framework/GuardianFuzzFramework/test/fuzzing/properties/Properties.sol
DA:5,0
DA:10,33879
DA:11,33879
DA:18,33879
DA:19,33879
FN:10,invariant_GLOB_01
FNDA:1,invariant_GLOB_01
FN:18,invariant_INV_01
FNDA:1,invariant_INV_01
end_of_record
SF:/Users/dirtymic/guardian/guardian-fuzz-framework/GuardianFuzzFramework/test/fuzzing/properties/PropertiesBase.sol
DA:13,0
FN:18,assertApproxEq
FNDA:0,assertApproxEq
FN:36,assertApproxEq
FNDA:0,assertApproxEq
FN:54,greaterThanOrEqualWithToleranceWei
FNDA:0,greaterThanOrEqualWithToleranceWei
FN:78,isApproxEqRel
FNDA:0,isApproxEqRel
end_of_record
SF:/Users/dirtymic/guardian/guardian-fuzz-framework/GuardianFuzzFramework/test/fuzzing/properties/PropertiesDescriptions.sol
DA:3,0
end_of_record
SF:/Users/dirtymic/guardian/guardian-fuzz-framework/GuardianFuzzFramework/test/fuzzing/properties/Properties_ERR.sol
DA:13,22633
DA:14,22633
DA:15,22633
DA:16,22633
DA:17,22633
DA:18,22633
DA:21,22633
DA:32,11395
DA:33,11395
DA:35,11395
DA:38,11162
DA:39,11162
DA:40,11162
DA:41,11162
DA:42,11162
DA:43,11162
DA:44,11162
DA:45,11162
DA:46,11162
DA:47,11162
DA:48,11162
DA:50,111620
DA:51,100458
DA:52,0
DA:55,11162
FN:13,_getAllowedPanicCodes
FNDA:1,_getAllowedPanicCodes
FN:32,_getAllowedCustomErrors
FNDA:1,_getAllowedCustomErrors
FN:38,_isAllowedERC20Error
FNDA:1,_isAllowedERC20Error
end_of_record
SF:/Users/dirtymic/guardian/guardian-fuzz-framework/GuardianFuzzFramework/test/fuzzing/properties/RevertHandler.sol
DA:9,56392
DA:11,11202
DA:13,0
DA:16,0
DA:19,45190
DA:21,45190
DA:25,45190
DA:26,22633
DA:27,0
DA:31,22557
DA:32,11162
DA:33,0
DA:37,11395
DA:75,11162
DA:76,11162
DA:77,11162
DA:79,11162
DA:80,11162
DA:82,22324
DA:83,11162
DA:84,0
DA:87,11162
DA:91,22633
DA:92,22633
DA:93,22633
DA:95,113165
DA:96,90532
DA:97,0
DA:98,0
DA:102,22633
DA:103,22633
DA:104,22633
DA:109,11162
DA:110,11162
DA:112,11162
DA:113,0
DA:114,0
DA:117,11162
DA:118,0
DA:119,0
DA:123,11162
DA:128,11395
DA:130,11395
DA:133,11395
DA:134,11395
DA:137,22633
DA:138,22633
DA:139,22633
DA:140,0
DA:141,0
DA:144,22633
DA:146,22633
DA:148,22633
DA:151,22557
DA:153,22557
DA:154,0
DA:158,22557
DA:159,22557
DA:161,0
DA:166,22557
DA:168,22557
DA:169,2188029
DA:170,2165472
DA:172,22557
FN:7,invariant_ERR
FNDA:1,invariant_ERR
FN:40,_getAllowedPanicCodes
FNDA:0,_getAllowedPanicCodes
FN:48,_getAllowedCustomErrors
FNDA:0,_getAllowedCustomErrors
FN:55,_isAllowedERC20Error
FNDA:0,_isAllowedERC20Error
FN:75,_isAllowedFoundryERC20Error
FNDA:1,_isAllowedFoundryERC20Error
FN:90,_handlePanic
FNDA:1,_handlePanic
FN:108,_handleError
FNDA:1,_handleError
FN:127,_handleCustomError
FNDA:1,_handleCustomError
FN:137,_extractPanicCode
FNDA:1,_extractPanicCode
FN:151,_extractRevertMessage
FNDA:1,_extractRevertMessage
FN:166,_decodeErrorMessage
FNDA:1,_decodeErrorMessage
end_of_record
SF:/Users/dirtymic/guardian/guardian-fuzz-framework/GuardianFuzzFramework/test/fuzzing/utils/FunctionCalls.sol
DA:7,0
DA:10,33879
DA:11,33879
DA:13,33879
DA:15,33879
DA:18,11162
DA:19,11162
DA:20,11162
DA:21,11162
DA:27,11395
DA:29,11395
DA:30,11395
DA:31,11395
DA:35,11302
DA:36,11302
DA:37,11302
DA:38,11302
DA:42,11331
DA:43,11331
DA:44,11331
DA:45,11331
DA:51,11202
DA:53,11202
DA:54,11202
DA:55,11202
FN:10,_sampleFunctionCall
FNDA:1,_sampleFunctionCall
FN:18,_sampleFailWithRequireCall
FNDA:1,_sampleFailWithRequireCall
FN:25,_sampleFailWithCustomErrorCall
FNDA:1,_sampleFailWithCustomErrorCall
FN:35,_sampleFailWithPanicCall
FNDA:1,_sampleFailWithPanicCall
FN:42,_sampleFailWithAssertCall
FNDA:1,_sampleFailWithAssertCall
FN:49,_sampleFailReturnEmptyDataCall
FNDA:1,_sampleFailReturnEmptyDataCall
end_of_record
SF:/Users/dirtymic/guardian/guardian-fuzz-framework/GuardianFuzzFramework/test/fuzzing/utils/FuzzActors.sol
DA:7,0
DA:10,1
DA:11,1
DA:12,1
DA:14,1
end_of_record
SF:/Users/dirtymic/guardian/guardian-fuzz-framework/GuardianFuzzFramework/test/fuzzing/utils/FuzzConstants.sol
DA:3,0
DA:8,11162
DA:10,11162
DA:12,11162
DA:14,11162
DA:16,11162
DA:18,11162
DA:20,11162
DA:22,11162
DA:24,11162
DA:31,22633
DA:33,22633
DA:35,22633
DA:36,22633
end_of_record
